19:44:16.198 [ScalaTest-run-running-CalculatorSpec] DEBUG calculator.Calculator$ - 5+6 -> 11
19:44:16.207 [ScalaTest-run-running-CalculatorSpec] DEBUG calculator.Calculator$ - -5+6 -> 1
19:44:16.209 [ScalaTest-run-running-CalculatorSpec] DEBUG calculator.Calculator$ - -5 + (-6) -> -11
19:44:16.211 [ScalaTest-run-running-CalculatorSpec] DEBUG calculator.Calculator$ - 5 + (-6) -> -1
19:44:16.212 [ScalaTest-run-running-CalculatorSpec] DEBUG calculator.Calculator$ - 3*(-1) -> -3
19:44:16.212 [ScalaTest-run-running-CalculatorSpec] DEBUG calculator.Calculator$ - -5 + 0 -> -5
19:44:16.213 [ScalaTest-run-running-CalculatorSpec] DEBUG calculator.Calculator$ - -1 + 1.0000 -> 0
19:44:16.214 [ScalaTest-run-running-CalculatorSpec] DEBUG calculator.Calculator$ - -1987.50 + 1987 -> -0.5
19:44:16.215 [ScalaTest-run-running-CalculatorSpec] DEBUG calculator.Calculator$ - 34.999 + 1.0 -> 35.999
19:44:16.216 [ScalaTest-run-running-CalculatorSpec] DEBUG calculator.Calculator$ - 10 + 9.9999 -> 19.9999
19:44:16.217 [ScalaTest-run-running-CalculatorSpec] DEBUG calculator.Calculator$ - log10 -> 1
19:44:16.218 [ScalaTest-run-running-CalculatorSpec] DEBUG calculator.Calculator$ - log(10) -> 1
19:44:16.218 [ScalaTest-run-running-CalculatorSpec] DEBUG calculator.Calculator$ - 0 L  -> error
19:44:16.219 [ScalaTest-run-running-CalculatorSpec] DEBUG calculator.Calculator$ - log1 -> 0
19:44:16.220 [ScalaTest-run-running-CalculatorSpec] DEBUG calculator.Calculator$ - log1.1 -> 0.04139268515822508
19:44:16.220 [ScalaTest-run-running-CalculatorSpec] DEBUG calculator.Calculator$ - log3.2 -> 0.505149978319906
19:44:16.221 [ScalaTest-run-running-CalculatorSpec] DEBUG calculator.Calculator$ - (2+(4-1))*5 -> 25
19:44:16.223 [ScalaTest-run-running-CalculatorSpec] DEBUG calculator.Calculator$ - log6*(12+5)/2-34.2 -> -27.58571437173903
19:44:16.224 [ScalaTest-run-running-CalculatorSpec] DEBUG calculator.Calculator$ - 123456789 - 210987654 -> -87530865
19:44:16.225 [ScalaTest-run-running-CalculatorSpec] DEBUG calculator.Calculator$ - 100000000 + 300000000 -> 400000000
19:44:16.226 [ScalaTest-run-running-CalculatorSpec] DEBUG calculator.Calculator$ - 6 * 2 + 8 -> 20
19:44:16.226 [ScalaTest-run-running-CalculatorSpec] DEBUG calculator.Calculator$ - 1500 * 2000 -> 3000000
19:44:16.227 [ScalaTest-run-running-CalculatorSpec] DEBUG calculator.Calculator$ - 0 * 2000 -> 0
19:44:16.228 [ScalaTest-run-running-CalculatorSpec] DEBUG calculator.Calculator$ - 1 * 500 -> 500
19:44:16.229 [ScalaTest-run-running-CalculatorSpec] DEBUG calculator.Calculator$ - 1.1 * 10  -> 11
19:44:16.230 [ScalaTest-run-running-CalculatorSpec] DEBUG calculator.Calculator$ - -1 * 67 -> -67
19:44:16.231 [ScalaTest-run-running-CalculatorSpec] DEBUG calculator.Calculator$ - 0.133 * 1.212 -> 0.161196
19:44:16.232 [ScalaTest-run-running-CalculatorSpec] DEBUG calculator.Calculator$ - -1.212 * 8 -> -9.696
19:44:16.233 [ScalaTest-run-running-CalculatorSpec] DEBUG calculator.Calculator$ - 1.23456789 * 2.10987654 -> 2.6047858281483007
19:44:16.234 [ScalaTest-run-running-CalculatorSpec] DEBUG calculator.Calculator$ - 0 * 6 * 6 -> 0
19:44:16.235 [ScalaTest-run-running-CalculatorSpec] DEBUG calculator.Calculator$ - 1500 / 2000 -> 0.75
19:44:16.235 [ScalaTest-run-running-CalculatorSpec] DEBUG calculator.Calculator$ - 0 / 2000 -> 0
19:44:16.236 [ScalaTest-run-running-CalculatorSpec] DEBUG calculator.Calculator$ - -1500 / 2000 -> -0.75
19:44:16.237 [ScalaTest-run-running-CalculatorSpec] DEBUG calculator.Calculator$ - -3.123 / 5  -> -0.6246
19:44:16.238 [ScalaTest-run-running-CalculatorSpec] DEBUG calculator.Calculator$ - 4.21 / 3  -> 1.4033333333333333
19:44:16.239 [ScalaTest-run-running-CalculatorSpec] DEBUG calculator.Calculator$ - 10 / 3.123  -> 3.202049311559398
19:44:16.240 [ScalaTest-run-running-CalculatorSpec] DEBUG calculator.Calculator$ - 85+96*(1-log6) -> 106.29747996317022
19:44:16.243 [ScalaTest-run-running-CalculatorSpec] DEBUG calculator.Calculator$ - 5 6 L  -> Malformed
19:44:16.244 [ScalaTest-run-running-CalculatorSpec] DEBUG calculator.Calculator$ - 96 9 / +  -> Malformed
19:44:16.245 [ScalaTest-run-running-CalculatorSpec] DEBUG calculator.Calculator$ - L L L L  -> Malformed
19:44:16.246 [ScalaTest-run-running-CalculatorSpec] DEBUG calculator.Calculator$ - 3215 + + +  -> Malformed
19:44:16.247 [ScalaTest-run-running-CalculatorSpec] DEBUG calculator.Calculator$ - 1500 0 /  -> error
19:44:16.248 [ScalaTest-run-running-CalculatorSpec] DEBUG calculator.Calculator$ - 543 2 2 - /  -> error
